<?xml version="1.0" encoding="UTF-8"?>
<!-- Generated by org.testng.reporters.JUnitReportReporter -->
<testsuite hostname="BAYAN" failures="0" tests="4" name="TestExam" time="26.499" errors="0" timestamp="2024-02-09T18:25:42 EET" skipped="2">
  <testcase classname="TestExam" name="SignIn" time="7.046"/>
  <system-out/>
  <testcase classname="TestExam" name="addFirstItem" time="19.453"/>
  <system-out/>
  <testcase classname="TestExam" name="logOut">
    <skipped/>
  </testcase> <!-- logOut -->
  <system-out/>
  <testcase classname="TestExam" name="LogInPage">
    <skipped/>
  </testcase> <!-- LogInPage -->
  <system-out/>
</testsuite> <!-- TestExam -->
